<?xml version="1.0" encoding="UTF-8"?>
<!-- Generated by org.testng.reporters.JUnitXMLReporter -->
<testsuite hostname="DESKTOP-6QF3NKS" ignored="0" name="Default test" tests="3" failures="0" timestamp="19 Mar 2019 15:31:29 GMT" time="102.626" errors="0">
  <testcase name="verifyHomePageTitleTest" time="0.154" classname="com.crm.qa.testcases.HomePageTest"/>
  <testcase name="verifyUserNameTest" time="0.516" classname="com.crm.qa.testcases.HomePageTest"/>
  <testcase name="verifyContactsLinkTest" time="2.965" classname="com.crm.qa.testcases.HomePageTest"/>
</testsuite> <!-- Default test -->
