<?xml version="1.0" encoding="UTF-8"?>
<!-- Generated by org.testng.reporters.JUnitXMLReporter -->
<testsuite hostname="DESKTOP-6QF3NKS" ignored="0" name="Default test" tests="3" failures="0" timestamp="19 Mar 2019 15:20:02 GMT" time="132.242" errors="0">
  <testcase name="verifyHomePageTitleTest" time="0.207" classname="com.crm.qa.testcases.HomePageTest"/>
  <testcase name="verifyUserNameTest" time="1.435" classname="com.crm.qa.testcases.HomePageTest"/>
  <testcase name="verifyContactsLinkTest" time="6.739" classname="com.crm.qa.testcases.HomePageTest"/>
</testsuite> <!-- Default test -->
