<?xml version="1.0" encoding="UTF-8"?>
<!-- Generated by org.testng.reporters.JUnitXMLReporter -->
<testsuite ignored="1" hostname="DESKTOP-H19770M" failures="2" tests="30" name="Free CRM App Test Cases" time="637.639" errors="0" timestamp="30 Aug 2019 13:23:57 GMT">
  <testcase classname="com.crm.qa.testcases.MyTests" name="Test1" time="0.011">
    <skipped/>
  </testcase> <!-- Test1 -->
  <testcase classname="com.crm.qa.testcases.MyTests" name="Test1" time="0.001">
    <skipped/>
  </testcase> <!-- Test1 -->
  <testcase classname="com.crm.qa.testcases.MyTests" name="Test1" time="0.001">
    <skipped/>
  </testcase> <!-- Test1 -->
  <testcase classname="com.crm.qa.testcases.MyTests" name="Test1" time="0.0">
    <failure type="java.lang.AssertionError" message="expected [true] but found [false]">
      <![CDATA[java.lang.AssertionError: expected [true] but found [false]
	at com.crm.qa.testcases.MyTests.Test1(MyTests.java:10)
... Removed 31 stack frames]]>
    </failure>
  </testcase> <!-- Test1 -->
  <testcase classname="com.crm.qa.testcases.MyTests" name="Test2" time="0.001">
    <skipped/>
  </testcase> <!-- Test2 -->
  <testcase classname="com.crm.qa.testcases.MyTests" name="Test2" time="0.0">
    <skipped/>
  </testcase> <!-- Test2 -->
  <testcase classname="com.crm.qa.testcases.MyTests" name="Test2" time="0.001">
    <skipped/>
  </testcase> <!-- Test2 -->
  <testcase classname="com.crm.qa.testcases.MyTests" name="Test2" time="0.001">
    <failure type="java.lang.AssertionError" message="expected [true] but found [false]">
      <![CDATA[java.lang.AssertionError: expected [true] but found [false]
	at com.crm.qa.testcases.MyTests.Test2(MyTests.java:16)
... Removed 31 stack frames]]>
    </failure>
  </testcase> <!-- Test2 -->
  <testcase classname="com.crm.qa.testcases.MyTests" name="Test3" time="0.001"/>
  <testcase classname="com.crm.qa.testcases.LoginPageTest" name="loginPageTitleTest" time="0.043"/>
  <testcase classname="com.crm.qa.testcases.HomePageTest" name="verifyHomePageTitleTest" time="0.007"/>
  <testcase classname="com.crm.qa.testcases.ContactsPageTest" name="verifyContactsPageLabel" time="0.12"/>
  <testcase classname="com.crm.qa.testcases.DealsPageTest" name="verifyContactsPageLabel" time="0.038"/>
  <testcase classname="com.crm.qa.testcases.LoginPageTest" name="verifyCurrentURL" time="0.011"/>
  <testcase classname="com.crm.qa.testcases.HomePageTest" name="verifyUserNameTest" time="0.14"/>
  <testcase classname="com.crm.qa.testcases.DealsPageTest" name="selectSingleDealsTest" time="1.376"/>
  <testcase classname="com.crm.qa.testcases.ContactsPageTest" name="selectSingleContactsTest" time="0.161"/>
  <testcase classname="com.crm.qa.testcases.LoginPageTest" name="verifyLoginPageLogo" time="0.047"/>
  <testcase classname="com.crm.qa.testcases.HomePageTest" name="verifyContactsLinkTest" time="1.441"/>
  <testcase classname="com.crm.qa.testcases.ContactsPageTest" name="selectMultipleContactsTest" time="0.365"/>
  <testcase classname="com.crm.qa.testcases.DealsPageTest" name="selectMultipleContactsTest" time="1.36"/>
  <testcase classname="com.crm.qa.testcases.LoginPageTest" name="LoginTest" time="5.171"/>
  <testcase classname="com.crm.qa.testcases.DealsPageTest" name="validateCreateNewDeals" time="5.096"/>
  <testcase classname="com.crm.qa.testcases.DealsPageTest" name="validateCreateNewDeals" time="4.411"/>
  <testcase classname="com.crm.qa.testcases.DealsPageTest" name="validateCreateNewDeals" time="4.386"/>
  <testcase classname="com.crm.qa.testcases.DealsPageTest" name="validateCreateNewDeals" time="4.227"/>
  <testcase classname="com.crm.qa.testcases.DealsPageTest" name="validateCreateNewDeals" time="4.237"/>
  <testcase classname="com.crm.qa.testcases.ContactsPageTest" name="validateCreateNewContact" time="4.622"/>
  <testcase classname="com.crm.qa.testcases.ContactsPageTest" name="validateCreateNewContact" time="4.305"/>
  <testcase classname="com.crm.qa.testcases.ContactsPageTest" name="validateCreateNewContact" time="4.511"/>
  <testcase classname="com.crm.qa.testcases.FreeCrmTest" name="freeCrmTitleTest" time="0.0">
    <ignored/>
  </testcase> <!-- freeCrmTitleTest -->
</testsuite> <!-- Free CRM App Test Cases -->
