<?xml version="1.0" encoding="UTF-8"?>
<testng-results skipped="0" failed="0" ignored="0" total="3" passed="3">
  <reporter-output>
  </reporter-output>
  <suite name="Default suite" duration-ms="132242" started-at="2019-03-19T15:17:49Z" finished-at="2019-03-19T15:20:01Z">
    <groups>
    </groups>
    <test name="Default test" duration-ms="132242" started-at="2019-03-19T15:17:49Z" finished-at="2019-03-19T15:20:01Z">
      <class name="com.crm.qa.testcases.HomePageTest">
        <test-method status="PASS" signature="setUp()[pri:0, instance:com.crm.qa.testcases.HomePageTest@59f99ea]" name="setUp" is-config="true" duration-ms="62064" started-at="2019-03-19T20:47:49Z" finished-at="2019-03-19T20:48:51Z">
          <reporter-output>
          </reporter-output>
        </test-method> <!-- setUp -->
        <test-method status="PASS" signature="verifyHomePageTitleTest()[pri:1, instance:com.crm.qa.testcases.HomePageTest@59f99ea]" name="verifyHomePageTitleTest" duration-ms="207" started-at="2019-03-19T20:48:51Z" finished-at="2019-03-19T20:48:51Z">
          <reporter-output>
          </reporter-output>
        </test-method> <!-- verifyHomePageTitleTest -->
        <test-method status="PASS" signature="tearDown()[pri:0, instance:com.crm.qa.testcases.HomePageTest@59f99ea]" name="tearDown" is-config="true" duration-ms="1345" started-at="2019-03-19T20:48:51Z" finished-at="2019-03-19T20:48:52Z">
          <reporter-output>
          </reporter-output>
        </test-method> <!-- tearDown -->
        <test-method status="PASS" signature="setUp()[pri:0, instance:com.crm.qa.testcases.HomePageTest@59f99ea]" name="setUp" is-config="true" duration-ms="26332" started-at="2019-03-19T20:48:52Z" finished-at="2019-03-19T20:49:19Z">
          <reporter-output>
          </reporter-output>
        </test-method> <!-- setUp -->
        <test-method status="PASS" signature="verifyUserNameTest()[pri:2, instance:com.crm.qa.testcases.HomePageTest@59f99ea]" name="verifyUserNameTest" duration-ms="1435" started-at="2019-03-19T20:49:19Z" finished-at="2019-03-19T20:49:20Z">
          <reporter-output>
          </reporter-output>
        </test-method> <!-- verifyUserNameTest -->
        <test-method status="PASS" signature="tearDown()[pri:0, instance:com.crm.qa.testcases.HomePageTest@59f99ea]" name="tearDown" is-config="true" duration-ms="1142" started-at="2019-03-19T20:49:20Z" finished-at="2019-03-19T20:49:21Z">
          <reporter-output>
          </reporter-output>
        </test-method> <!-- tearDown -->
        <test-method status="PASS" signature="setUp()[pri:0, instance:com.crm.qa.testcases.HomePageTest@59f99ea]" name="setUp" is-config="true" duration-ms="29577" started-at="2019-03-19T20:49:21Z" finished-at="2019-03-19T20:49:51Z">
          <reporter-output>
          </reporter-output>
        </test-method> <!-- setUp -->
        <test-method status="PASS" signature="verifyContactsLinkTest()[pri:3, instance:com.crm.qa.testcases.HomePageTest@59f99ea]" name="verifyContactsLinkTest" duration-ms="6739" started-at="2019-03-19T20:49:51Z" finished-at="2019-03-19T20:49:57Z">
          <reporter-output>
          </reporter-output>
        </test-method> <!-- verifyContactsLinkTest -->
        <test-method status="PASS" signature="tearDown()[pri:0, instance:com.crm.qa.testcases.HomePageTest@59f99ea]" name="tearDown" is-config="true" duration-ms="3351" started-at="2019-03-19T20:49:57Z" finished-at="2019-03-19T20:50:01Z">
          <reporter-output>
          </reporter-output>
        </test-method> <!-- tearDown -->
      </class> <!-- com.crm.qa.testcases.HomePageTest -->
    </test> <!-- Default test -->
  </suite> <!-- Default suite -->
</testng-results>
